<?xml version="1.0" encoding="UTF-8"?>
<coverage generated="1539171462719" clover="3.2.0">
  <project timestamp="1539171462719" name="All files">
    <metrics statements="102" coveredstatements="93" conditionals="2" coveredconditionals="0" methods="36" coveredmethods="16" elements="140" coveredelements="109" complexity="0" loc="102" ncloc="102" packages="4" files="5" classes="5">
      <package name="src">
        <metrics statements="9" coveredstatements="9" conditionals="0" coveredconditionals="0" methods="0" coveredmethods="0"/>
        <file name="i18n.js" path="/Users/dan/Desktop/projects/MentorApp/src/i18n.js">
          <metrics statements="9" coveredstatements="9" conditionals="0" coveredconditionals="0" methods="0" coveredmethods="0"/>
          <line num="1" count="1" type="stmt"/>
          <line num="2" count="1" type="stmt"/>
          <line num="4" count="1" type="stmt"/>
          <line num="5" count="1" type="stmt"/>
          <line num="7" count="1" type="stmt"/>
          <line num="8" count="1" type="stmt"/>
          <line num="9" count="1" type="stmt"/>
          <line num="10" count="1" type="stmt"/>
          <line num="12" count="1" type="stmt"/>
        </file>
      </package>
      <package name="src.redux">
        <metrics statements="41" coveredstatements="35" conditionals="2" coveredconditionals="0" methods="16" coveredmethods="1"/>
        <file name="actions.js" path="/Users/dan/Desktop/projects/MentorApp/src/redux/actions.js">
          <metrics statements="41" coveredstatements="35" conditionals="2" coveredconditionals="0" methods="16" coveredmethods="1"/>
          <line num="1" count="3" type="stmt"/>
          <line num="3" count="3" type="stmt"/>
          <line num="4" count="3" type="stmt"/>
          <line num="6" count="3" type="stmt"/>
          <line num="11" count="3" type="stmt"/>
          <line num="15" count="3" type="stmt"/>
          <line num="16" count="0" type="stmt"/>
          <line num="26" count="0" type="cond" truecount="0" falsecount="2"/>
          <line num="27" count="0" type="stmt"/>
          <line num="28" count="0" type="stmt"/>
          <line num="30" count="0" type="stmt"/>
          <line num="31" count="0" type="stmt"/>
          <line num="32" count="3" type="stmt"/>
          <line num="36" count="3" type="stmt"/>
          <line num="38" count="3" type="stmt"/>
          <line num="40" count="3" type="stmt"/>
          <line num="45" count="3" type="stmt"/>
          <line num="47" count="3" type="stmt"/>
          <line num="58" count="3" type="stmt"/>
          <line num="65" count="3" type="stmt"/>
          <line num="67" count="3" type="stmt"/>
          <line num="78" count="3" type="stmt"/>
          <line num="85" count="3" type="stmt"/>
          <line num="86" count="3" type="stmt"/>
          <line num="87" count="3" type="stmt"/>
          <line num="88" count="3" type="stmt"/>
          <line num="89" count="3" type="stmt"/>
          <line num="90" count="3" type="stmt"/>
          <line num="92" count="3" type="stmt"/>
          <line num="94" count="3" type="stmt"/>
          <line num="97" count="3" type="stmt"/>
          <line num="99" count="3" type="stmt"/>
          <line num="102" count="3" type="stmt"/>
          <line num="105" count="3" type="stmt"/>
          <line num="108" count="3" type="stmt"/>
          <line num="112" count="3" type="stmt"/>
          <line num="115" count="3" type="stmt"/>
          <line num="144" count="3" type="stmt"/>
          <line num="152" count="3" type="stmt"/>
          <line num="154" count="3" type="stmt"/>
          <line num="165" count="3" type="stmt"/>
        </file>
      </package>
      <package name="src.screens">
        <metrics statements="47" coveredstatements="44" conditionals="0" coveredconditionals="0" methods="19" coveredmethods="14"/>
        <file name="Login.js" path="/Users/dan/Desktop/projects/MentorApp/src/screens/Login.js">
          <metrics statements="27" coveredstatements="24" conditionals="0" coveredconditionals="0" methods="11" coveredmethods="7"/>
          <line num="1" count="1" type="stmt"/>
          <line num="2" count="1" type="stmt"/>
          <line num="3" count="1" type="stmt"/>
          <line num="11" count="1" type="stmt"/>
          <line num="12" count="1" type="stmt"/>
          <line num="13" count="1" type="stmt"/>
          <line num="14" count="1" type="stmt"/>
          <line num="16" count="21" type="stmt"/>
          <line num="19" count="7" type="stmt"/>
          <line num="23" count="1" type="stmt"/>
          <line num="24" count="7" type="stmt"/>
          <line num="26" count="9" type="stmt"/>
          <line num="27" count="9" type="stmt"/>
          <line num="28" count="9" type="stmt"/>
          <line num="37" count="1" type="stmt"/>
          <line num="45" count="1" type="stmt"/>
          <line num="49" count="1" type="stmt"/>
          <line num="56" count="0" type="stmt"/>
          <line num="58" count="0" type="stmt"/>
          <line num="61" count="0" type="stmt"/>
          <line num="75" count="1" type="stmt"/>
          <line num="78" count="1" type="stmt"/>
          <line num="85" count="1" type="stmt"/>
          <line num="98" count="1" type="stmt"/>
          <line num="103" count="1" type="stmt"/>
          <line num="108" count="1" type="stmt"/>
          <line num="111" count="1" type="stmt"/>
        </file>
        <file name="Surveys.js" path="/Users/dan/Desktop/projects/MentorApp/src/screens/Surveys.js">
          <metrics statements="20" coveredstatements="20" conditionals="0" coveredconditionals="0" methods="8" coveredmethods="7"/>
          <line num="1" count="1" type="stmt"/>
          <line num="2" count="1" type="stmt"/>
          <line num="3" count="1" type="stmt"/>
          <line num="4" count="1" type="stmt"/>
          <line num="6" count="1" type="stmt"/>
          <line num="7" count="1" type="stmt"/>
          <line num="9" count="4" type="stmt"/>
          <line num="11" count="4" type="stmt"/>
          <line num="13" count="4" type="stmt"/>
          <line num="14" count="4" type="stmt"/>
          <line num="16" count="8" type="stmt"/>
          <line num="20" count="1" type="stmt"/>
          <line num="23" count="2" type="stmt"/>
          <line num="31" count="1" type="stmt"/>
          <line num="34" count="1" type="stmt"/>
          <line num="42" count="1" type="stmt"/>
          <line num="51" count="1" type="stmt"/>
          <line num="57" count="1" type="stmt"/>
          <line num="61" count="1" type="stmt"/>
          <line num="64" count="1" type="stmt"/>
        </file>
      </package>
      <package name="testing">
        <metrics statements="5" coveredstatements="5" conditionals="0" coveredconditionals="0" methods="1" coveredmethods="1"/>
        <file name="config.js" path="/Users/dan/Desktop/projects/MentorApp/testing/config.js">
          <metrics statements="5" coveredstatements="5" conditionals="0" coveredconditionals="0" methods="1" coveredmethods="1"/>
          <line num="1" count="3" type="stmt"/>
          <line num="2" count="3" type="stmt"/>
          <line num="3" count="3" type="stmt"/>
          <line num="5" count="3" type="stmt"/>
          <line num="7" count="3" type="stmt"/>
        </file>
      </package>
    </metrics>
  </project>
</coverage>
