{"/Users/dan/Desktop/projects/MentorApp/src/i18n.js": {"path":"/Users/dan/Desktop/projects/MentorApp/src/i18n.js","statementMap":{"0":{"start":{"line":1,"column":13},"end":{"line":1,"column":75}},"1":{"start":{"line":1,"column":75},"end":{"line":1,"column":100}},"2":{"start":{"line":1,"column":128},"end":{"line":1,"column":161}},"3":{"start":{"line":2,"column":14},"end":{"line":2,"column":68}},"4":{"start":{"line":4,"column":10},"end":{"line":4,"column":74}},"5":{"start":{"line":5,"column":10},"end":{"line":5,"column":74}},"6":{"start":{"line":7,"column":0},"end":{"line":7,"column":56}},"7":{"start":{"line":8,"column":0},"end":{"line":8,"column":37}},"8":{"start":{"line":9,"column":0},"end":{"line":9,"column":33}},"9":{"start":{"line":10,"column":0},"end":{"line":10,"column":68}},"10":{"start":{"line":12,"column":0},"end":{"line":12,"column":15}},"11":{"start":{"line":12,"column":16},"end":{"line":12,"column":43}}},"fnMap":{},"branchMap":{},"s":{"0":1,"1":1,"2":1,"3":1,"4":1,"5":1,"6":1,"7":1,"8":1,"9":1,"10":1,"11":1},"f":{},"b":{},"_coverageSchema":"332fd63041d2c1bcb487cc26dd0d5f7d97098a6c","hash":"8d837386230d1be8670b963883d8f1d313e71595"}
,"/Users/dan/Desktop/projects/MentorApp/src/redux/actions.js": {"path":"/Users/dan/Desktop/projects/MentorApp/src/redux/actions.js","statementMap":{"0":{"start":{"line":1,"column":13},"end":{"line":1,"column":75}},"1":{"start":{"line":1,"column":75},"end":{"line":1,"column":597}},"2":{"start":{"line":3,"column":24},"end":{"line":3,"column":43}},"3":{"start":{"line":3,"column":44},"end":{"line":3,"column":90}},"4":{"start":{"line":4,"column":22},"end":{"line":4,"column":39}},"5":{"start":{"line":4,"column":40},"end":{"line":4,"column":82}},"6":{"start":{"line":6,"column":22},"end":{"line":8,"column":20}},"7":{"start":{"line":6,"column":55},"end":{"line":8,"column":19}},"8":{"start":{"line":11,"column":20},"end":{"line":12,"column":29}},"9":{"start":{"line":11,"column":46},"end":{"line":12,"column":28}},"10":{"start":{"line":15,"column":12},"end":{"line":32,"column":5}},"11":{"start":{"line":15,"column":53},"end":{"line":32,"column":4}},"12":{"start":{"line":16,"column":4},"end":{"line":31,"column":59}},"13":{"start":{"line":26,"column":6},"end":{"line":28,"column":32}},"14":{"start":{"line":27,"column":8},"end":{"line":27,"column":26}},"15":{"start":{"line":28,"column":13},"end":{"line":28,"column":32}},"16":{"start":{"line":30,"column":27},"end":{"line":30,"column":80}},"17":{"start":{"line":31,"column":23},"end":{"line":31,"column":56}},"18":{"start":{"line":32,"column":6},"end":{"line":32,"column":28}},"19":{"start":{"line":36,"column":14},"end":{"line":36,"column":23}},"20":{"start":{"line":36,"column":24},"end":{"line":36,"column":50}},"21":{"start":{"line":38,"column":13},"end":{"line":40,"column":16}},"22":{"start":{"line":38,"column":35},"end":{"line":40,"column":15}},"23":{"start":{"line":40,"column":17},"end":{"line":40,"column":41}},"24":{"start":{"line":45,"column":19},"end":{"line":45,"column":33}},"25":{"start":{"line":45,"column":34},"end":{"line":45,"column":70}},"26":{"start":{"line":47,"column":18},"end":{"line":58,"column":80}},"27":{"start":{"line":47,"column":52},"end":{"line":58,"column":79}},"28":{"start":{"line":58,"column":81},"end":{"line":58,"column":115}},"29":{"start":{"line":65,"column":20},"end":{"line":65,"column":35}},"30":{"start":{"line":65,"column":36},"end":{"line":65,"column":74}},"31":{"start":{"line":67,"column":19},"end":{"line":78,"column":81}},"32":{"start":{"line":67,"column":54},"end":{"line":78,"column":80}},"33":{"start":{"line":78,"column":82},"end":{"line":78,"column":118}},"34":{"start":{"line":85,"column":19},"end":{"line":85,"column":33}},"35":{"start":{"line":85,"column":34},"end":{"line":85,"column":70}},"36":{"start":{"line":86,"column":19},"end":{"line":86,"column":33}},"37":{"start":{"line":86,"column":34},"end":{"line":86,"column":70}},"38":{"start":{"line":87,"column":22},"end":{"line":87,"column":39}},"39":{"start":{"line":87,"column":40},"end":{"line":87,"column":82}},"40":{"start":{"line":88,"column":19},"end":{"line":88,"column":33}},"41":{"start":{"line":88,"column":34},"end":{"line":88,"column":70}},"42":{"start":{"line":89,"column":26},"end":{"line":89,"column":47}},"43":{"start":{"line":89,"column":48},"end":{"line":89,"column":98}},"44":{"start":{"line":90,"column":28},"end":{"line":90,"column":51}},"45":{"start":{"line":90,"column":52},"end":{"line":90,"column":106}},"46":{"start":{"line":92,"column":18},"end":{"line":94,"column":24}},"47":{"start":{"line":92,"column":49},"end":{"line":94,"column":23}},"48":{"start":{"line":94,"column":25},"end":{"line":94,"column":59}},"49":{"start":{"line":97,"column":18},"end":{"line":99,"column":14}},"50":{"start":{"line":97,"column":44},"end":{"line":99,"column":13}},"51":{"start":{"line":99,"column":15},"end":{"line":99,"column":49}},"52":{"start":{"line":102,"column":18},"end":{"line":105,"column":24}},"53":{"start":{"line":102,"column":53},"end":{"line":105,"column":23}},"54":{"start":{"line":105,"column":25},"end":{"line":105,"column":59}},"55":{"start":{"line":108,"column":20},"end":{"line":112,"column":24}},"56":{"start":{"line":108,"column":67},"end":{"line":112,"column":23}},"57":{"start":{"line":112,"column":25},"end":{"line":112,"column":63}},"58":{"start":{"line":115,"column":18},"end":{"line":144,"column":40}},"59":{"start":{"line":115,"column":65},"end":{"line":144,"column":39}},"60":{"start":{"line":144,"column":41},"end":{"line":144,"column":75}},"61":{"start":{"line":152,"column":21},"end":{"line":152,"column":37}},"62":{"start":{"line":152,"column":38},"end":{"line":152,"column":78}},"63":{"start":{"line":154,"column":20},"end":{"line":165,"column":82}},"64":{"start":{"line":154,"column":56},"end":{"line":165,"column":81}},"65":{"start":{"line":165,"column":83},"end":{"line":165,"column":121}}},"fnMap":{"0":{"name":"setTokenSuccess","decl":{"start":{"line":6,"column":31},"end":{"line":6,"column":46}},"loc":{"start":{"line":6,"column":54},"end":{"line":8,"column":20}},"line":6},"1":{"name":"setTokenError","decl":{"start":{"line":11,"column":29},"end":{"line":11,"column":42}},"loc":{"start":{"line":11,"column":45},"end":{"line":12,"column":29}},"line":11},"2":{"name":"login","decl":{"start":{"line":15,"column":21},"end":{"line":15,"column":26}},"loc":{"start":{"line":15,"column":52},"end":{"line":32,"column":5}},"line":15},"3":{"name":"(anonymous_3)","decl":{"start":{"line":15,"column":60},"end":{"line":15,"column":61}},"loc":{"start":{"line":15,"column":80},"end":{"line":32,"column":3}},"line":15},"4":{"name":"(anonymous_4)","decl":{"start":{"line":25,"column":9},"end":{"line":25,"column":10}},"loc":{"start":{"line":25,"column":25},"end":{"line":29,"column":5}},"line":25},"5":{"name":"(anonymous_5)","decl":{"start":{"line":30,"column":9},"end":{"line":30,"column":10}},"loc":{"start":{"line":30,"column":26},"end":{"line":30,"column":81}},"line":30},"6":{"name":"(anonymous_6)","decl":{"start":{"line":31,"column":10},"end":{"line":31,"column":11}},"loc":{"start":{"line":31,"column":22},"end":{"line":31,"column":57}},"line":31},"7":{"name":"setEnv","decl":{"start":{"line":38,"column":22},"end":{"line":38,"column":28}},"loc":{"start":{"line":38,"column":34},"end":{"line":40,"column":16}},"line":38},"8":{"name":"loadSurveys","decl":{"start":{"line":47,"column":27},"end":{"line":47,"column":38}},"loc":{"start":{"line":47,"column":51},"end":{"line":58,"column":80}},"line":47},"9":{"name":"loadFamilies","decl":{"start":{"line":67,"column":28},"end":{"line":67,"column":40}},"loc":{"start":{"line":67,"column":53},"end":{"line":78,"column":81}},"line":67},"10":{"name":"createDraft","decl":{"start":{"line":92,"column":27},"end":{"line":92,"column":38}},"loc":{"start":{"line":92,"column":48},"end":{"line":94,"column":24}},"line":92},"11":{"name":"deleteDraft","decl":{"start":{"line":97,"column":27},"end":{"line":97,"column":38}},"loc":{"start":{"line":97,"column":43},"end":{"line":99,"column":14}},"line":97},"12":{"name":"addSnapshot","decl":{"start":{"line":102,"column":27},"end":{"line":102,"column":38}},"loc":{"start":{"line":102,"column":52},"end":{"line":105,"column":24}},"line":102},"13":{"name":"addSurveyData","decl":{"start":{"line":108,"column":29},"end":{"line":108,"column":42}},"loc":{"start":{"line":108,"column":66},"end":{"line":112,"column":24}},"line":108},"14":{"name":"submitDraft","decl":{"start":{"line":115,"column":27},"end":{"line":115,"column":38}},"loc":{"start":{"line":115,"column":64},"end":{"line":144,"column":40}},"line":115},"15":{"name":"loadSnapshots","decl":{"start":{"line":154,"column":29},"end":{"line":154,"column":42}},"loc":{"start":{"line":154,"column":55},"end":{"line":165,"column":82}},"line":154}},"branchMap":{"0":{"loc":{"start":{"line":26,"column":6},"end":{"line":28,"column":32}},"type":"if","locations":[{"start":{"line":26,"column":6},"end":{"line":28,"column":32}},{"start":{"line":26,"column":6},"end":{"line":28,"column":32}}],"line":26}},"s":{"0":3,"1":3,"2":3,"3":3,"4":3,"5":3,"6":3,"7":0,"8":3,"9":0,"10":3,"11":0,"12":0,"13":0,"14":0,"15":0,"16":0,"17":0,"18":3,"19":3,"20":3,"21":3,"22":1,"23":3,"24":3,"25":3,"26":3,"27":0,"28":3,"29":3,"30":3,"31":3,"32":0,"33":3,"34":3,"35":3,"36":3,"37":3,"38":3,"39":3,"40":3,"41":3,"42":3,"43":3,"44":3,"45":3,"46":3,"47":0,"48":3,"49":3,"50":0,"51":3,"52":3,"53":0,"54":3,"55":3,"56":0,"57":3,"58":3,"59":0,"60":3,"61":3,"62":3,"63":3,"64":0,"65":3},"f":{"0":0,"1":0,"2":0,"3":0,"4":0,"5":0,"6":0,"7":1,"8":0,"9":0,"10":0,"11":0,"12":0,"13":0,"14":0,"15":0},"b":{"0":[0,0]},"_coverageSchema":"332fd63041d2c1bcb487cc26dd0d5f7d97098a6c","hash":"1e535213623b98c8ba3fa72e000ab14744fce2f9"}
,"/Users/dan/Desktop/projects/MentorApp/src/screens/Login.js": {"path":"/Users/dan/Desktop/projects/MentorApp/src/screens/Login.js","statementMap":{"0":{"start":{"line":1,"column":13},"end":{"line":1,"column":75}},"1":{"start":{"line":1,"column":75},"end":{"line":1,"column":116}},"2":{"start":{"line":1,"column":129},"end":{"line":1,"column":182}},"3":{"start":{"line":2,"column":17},"end":{"line":2,"column":74}},"4":{"start":{"line":3,"column":19},"end":{"line":3,"column":42}},"5":{"start":{"line":11,"column":18},"end":{"line":11,"column":40}},"6":{"start":{"line":12,"column":15},"end":{"line":12,"column":42}},"7":{"start":{"line":13,"column":12},"end":{"line":13,"column":66}},"8":{"start":{"line":14,"column":14},"end":{"line":14,"column":34}},"9":{"start":{"line":14,"column":54},"end":{"line":14,"column":114}},"10":{"start":{"line":16,"column":8},"end":{"line":75,"column":42}},"11":{"start":{"line":16,"column":31},"end":{"line":16,"column":72}},"12":{"start":{"line":16,"column":126},"end":{"line":16,"column":167}},"13":{"start":{"line":16,"column":167},"end":{"line":16,"column":287}},"14":{"start":{"line":16,"column":257},"end":{"line":16,"column":286}},"15":{"start":{"line":16,"column":287},"end":{"line":16,"column":457}},"16":{"start":{"line":16,"column":457},"end":{"line":19,"column":21}},"17":{"start":{"line":19,"column":21},"end":{"line":24,"column":6}},"18":{"start":{"line":23,"column":6},"end":{"line":23,"column":30}},"19":{"start":{"line":24,"column":6},"end":{"line":24,"column":19}},"20":{"start":{"line":24,"column":20},"end":{"line":75,"column":10}},"21":{"start":{"line":26,"column":18},"end":{"line":26,"column":22}},"22":{"start":{"line":27,"column":6},"end":{"line":27,"column":16}},"23":{"start":{"line":27,"column":30},"end":{"line":27,"column":52}},"24":{"start":{"line":27,"column":59},"end":{"line":27,"column":74}},"25":{"start":{"line":28,"column":6},"end":{"line":71,"column":189}},"26":{"start":{"line":37,"column":57},"end":{"line":37,"column":104}},"27":{"start":{"line":45,"column":57},"end":{"line":45,"column":104}},"28":{"start":{"line":49,"column":39},"end":{"line":50,"column":98}},"29":{"start":{"line":56,"column":39},"end":{"line":56,"column":77}},"30":{"start":{"line":58,"column":106},"end":{"line":58,"column":143}},"31":{"start":{"line":61,"column":39},"end":{"line":61,"column":78}},"32":{"start":{"line":75,"column":10},"end":{"line":75,"column":23}},"33":{"start":{"line":75,"column":43},"end":{"line":75,"column":65}},"34":{"start":{"line":78,"column":0},"end":{"line":82,"column":53}},"35":{"start":{"line":85,"column":13},"end":{"line":95,"column":49}},"36":{"start":{"line":98,"column":22},"end":{"line":100,"column":20}},"37":{"start":{"line":98,"column":64},"end":{"line":98,"column":72}},"38":{"start":{"line":98,"column":81},"end":{"line":98,"column":91}},"39":{"start":{"line":98,"column":92},"end":{"line":100,"column":19}},"40":{"start":{"line":103,"column":25},"end":{"line":105,"column":25}},"41":{"start":{"line":108,"column":0},"end":{"line":111,"column":6}},"42":{"start":{"line":111,"column":7},"end":{"line":111,"column":34}}},"fnMap":{"0":{"name":"(anonymous_0)","decl":{"start":{"line":16,"column":8},"end":{"line":16,"column":9}},"loc":{"start":{"line":16,"column":30},"end":{"line":75,"column":24}},"line":16},"1":{"name":"Login","decl":{"start":{"line":16,"column":81},"end":{"line":16,"column":86}},"loc":{"start":{"line":16,"column":89},"end":{"line":24,"column":20}},"line":16},"2":{"name":"(anonymous_2)","decl":{"start":{"line":22,"column":18},"end":{"line":22,"column":19}},"loc":{"start":{"line":22,"column":33},"end":{"line":24,"column":5}},"line":22},"3":{"name":"render","decl":{"start":{"line":24,"column":86},"end":{"line":24,"column":92}},"loc":{"start":{"line":26,"column":4},"end":{"line":75,"column":5}},"line":26},"4":{"name":"onChangeText","decl":{"start":{"line":37,"column":33},"end":{"line":37,"column":45}},"loc":{"start":{"line":37,"column":56},"end":{"line":37,"column":105}},"line":37},"5":{"name":"onChangeText","decl":{"start":{"line":45,"column":33},"end":{"line":45,"column":45}},"loc":{"start":{"line":45,"column":56},"end":{"line":45,"column":105}},"line":45},"6":{"name":"onPress","decl":{"start":{"line":49,"column":28},"end":{"line":49,"column":35}},"loc":{"start":{"line":49,"column":38},"end":{"line":50,"column":99}},"line":49},"7":{"name":"onPress","decl":{"start":{"line":56,"column":28},"end":{"line":56,"column":35}},"loc":{"start":{"line":56,"column":38},"end":{"line":56,"column":78}},"line":56},"8":{"name":"onPress","decl":{"start":{"line":58,"column":95},"end":{"line":58,"column":102}},"loc":{"start":{"line":58,"column":105},"end":{"line":58,"column":144}},"line":58},"9":{"name":"onPress","decl":{"start":{"line":61,"column":28},"end":{"line":61,"column":35}},"loc":{"start":{"line":61,"column":38},"end":{"line":61,"column":79}},"line":61},"10":{"name":"mapStateToProps","decl":{"start":{"line":98,"column":31},"end":{"line":98,"column":46}},"loc":{"start":{"line":98,"column":53},"end":{"line":100,"column":20}},"line":98}},"branchMap":{},"s":{"0":1,"1":1,"2":1,"3":1,"4":1,"5":1,"6":1,"7":1,"8":1,"9":1,"10":1,"11":1,"12":7,"13":7,"14":21,"15":7,"16":7,"17":7,"18":1,"19":7,"20":1,"21":9,"22":9,"23":9,"24":9,"25":9,"26":1,"27":1,"28":1,"29":0,"30":0,"31":0,"32":1,"33":1,"34":1,"35":1,"36":1,"37":0,"38":0,"39":0,"40":1,"41":1,"42":1},"f":{"0":1,"1":7,"2":1,"3":9,"4":1,"5":1,"6":1,"7":0,"8":0,"9":0,"10":0},"b":{},"_coverageSchema":"332fd63041d2c1bcb487cc26dd0d5f7d97098a6c","hash":"0428cf3048969806fc049563e58882f2ba288ecb"}
,"/Users/dan/Desktop/projects/MentorApp/src/screens/Surveys.js": {"path":"/Users/dan/Desktop/projects/MentorApp/src/screens/Surveys.js","statementMap":{"0":{"start":{"line":1,"column":13},"end":{"line":1,"column":75}},"1":{"start":{"line":1,"column":75},"end":{"line":1,"column":118}},"2":{"start":{"line":1,"column":131},"end":{"line":1,"column":184}},"3":{"start":{"line":2,"column":19},"end":{"line":2,"column":42}},"4":{"start":{"line":3,"column":18},"end":{"line":3,"column":40}},"5":{"start":{"line":4,"column":17},"end":{"line":4,"column":74}},"6":{"start":{"line":6,"column":15},"end":{"line":6,"column":42}},"7":{"start":{"line":7,"column":14},"end":{"line":7,"column":34}},"8":{"start":{"line":7,"column":54},"end":{"line":7,"column":116}},"9":{"start":{"line":9,"column":10},"end":{"line":31,"column":44}},"10":{"start":{"line":9,"column":33},"end":{"line":9,"column":76}},"11":{"start":{"line":9,"column":96},"end":{"line":9,"column":139}},"12":{"start":{"line":9,"column":139},"end":{"line":9,"column":252}},"13":{"start":{"line":9,"column":253},"end":{"line":31,"column":10}},"14":{"start":{"line":11,"column":6},"end":{"line":11,"column":82}},"15":{"start":{"line":13,"column":17},"end":{"line":13,"column":21}},"16":{"start":{"line":14,"column":6},"end":{"line":24,"column":95}},"17":{"start":{"line":16,"column":50},"end":{"line":24,"column":90}},"18":{"start":{"line":20,"column":43},"end":{"line":24,"column":30}},"19":{"start":{"line":23,"column":37},"end":{"line":23,"column":72}},"20":{"start":{"line":31,"column":10},"end":{"line":31,"column":25}},"21":{"start":{"line":31,"column":45},"end":{"line":31,"column":71}},"22":{"start":{"line":34,"column":0},"end":{"line":39,"column":48}},"23":{"start":{"line":42,"column":13},"end":{"line":47,"column":33}},"24":{"start":{"line":51,"column":22},"end":{"line":54,"column":24}},"25":{"start":{"line":51,"column":64},"end":{"line":51,"column":72}},"26":{"start":{"line":51,"column":83},"end":{"line":51,"column":95}},"27":{"start":{"line":51,"column":104},"end":{"line":51,"column":114}},"28":{"start":{"line":51,"column":115},"end":{"line":54,"column":23}},"29":{"start":{"line":57,"column":25},"end":{"line":58,"column":37}},"30":{"start":{"line":61,"column":0},"end":{"line":64,"column":8}},"31":{"start":{"line":64,"column":9},"end":{"line":64,"column":36}}},"fnMap":{"0":{"name":"(anonymous_0)","decl":{"start":{"line":9,"column":10},"end":{"line":9,"column":11}},"loc":{"start":{"line":9,"column":32},"end":{"line":31,"column":26}},"line":9},"1":{"name":"Surveys","decl":{"start":{"line":9,"column":85},"end":{"line":9,"column":92}},"loc":{"start":{"line":9,"column":95},"end":{"line":9,"column":253}},"line":9},"2":{"name":"componentDidMount","decl":{"start":{"line":9,"column":332},"end":{"line":9,"column":349}},"loc":{"start":{"line":10,"column":4},"end":{"line":12,"column":5}},"line":10},"3":{"name":"render","decl":{"start":{"line":12,"column":42},"end":{"line":12,"column":48}},"loc":{"start":{"line":13,"column":4},"end":{"line":31,"column":5}},"line":13},"4":{"name":"(anonymous_4)","decl":{"start":{"line":16,"column":31},"end":{"line":16,"column":32}},"loc":{"start":{"line":16,"column":49},"end":{"line":24,"column":91}},"line":16},"5":{"name":"onPress","decl":{"start":{"line":20,"column":32},"end":{"line":20,"column":39}},"loc":{"start":{"line":20,"column":42},"end":{"line":24,"column":31}},"line":20},"6":{"name":"(anonymous_6)","decl":{"start":{"line":23,"column":20},"end":{"line":23,"column":21}},"loc":{"start":{"line":23,"column":36},"end":{"line":23,"column":73}},"line":23},"7":{"name":"mapStateToProps","decl":{"start":{"line":51,"column":31},"end":{"line":51,"column":46}},"loc":{"start":{"line":51,"column":53},"end":{"line":54,"column":24}},"line":51}},"branchMap":{},"s":{"0":1,"1":1,"2":1,"3":1,"4":1,"5":1,"6":1,"7":1,"8":1,"9":1,"10":1,"11":4,"12":4,"13":1,"14":4,"15":4,"16":4,"17":8,"18":1,"19":2,"20":1,"21":1,"22":1,"23":1,"24":1,"25":0,"26":0,"27":0,"28":0,"29":1,"30":1,"31":1},"f":{"0":1,"1":4,"2":4,"3":4,"4":8,"5":1,"6":2,"7":0},"b":{},"_coverageSchema":"332fd63041d2c1bcb487cc26dd0d5f7d97098a6c","hash":"cf256929fb57ad5a80a76bc50729b68f7d51d541"}
,"/Users/dan/Desktop/projects/MentorApp/testing/config.js": {"path":"/Users/dan/Desktop/projects/MentorApp/testing/config.js","statementMap":{"0":{"start":{"line":1,"column":27},"end":{"line":1,"column":80}},"1":{"start":{"line":2,"column":26},"end":{"line":2,"column":96}},"2":{"start":{"line":3,"column":0},"end":{"line":3,"column":23}},"3":{"start":{"line":5,"column":0},"end":{"line":5,"column":74}},"4":{"start":{"line":7,"column":0},"end":{"line":8,"column":19}},"5":{"start":{"line":7,"column":39},"end":{"line":7,"column":82}}},"fnMap":{"0":{"name":"(anonymous_0)","decl":{"start":{"line":7,"column":26},"end":{"line":7,"column":27}},"loc":{"start":{"line":7,"column":38},"end":{"line":7,"column":83}},"line":7}},"branchMap":{},"s":{"0":3,"1":3,"2":3,"3":3,"4":3,"5":2},"f":{"0":2},"b":{},"_coverageSchema":"332fd63041d2c1bcb487cc26dd0d5f7d97098a6c","hash":"ff1957e6fdc2d14629807e1f208071af90d706e4"}
}
