TN:
SF:/Users/dan/Desktop/projects/MentorApp/src/i18n.js
FNF:0
FNH:0
DA:1,1
DA:2,1
DA:4,1
DA:5,1
DA:7,1
DA:8,1
DA:9,1
DA:10,1
DA:12,1
LF:9
LH:9
BRF:0
BRH:0
end_of_record
TN:
SF:/Users/dan/Desktop/projects/MentorApp/src/redux/actions.js
FN:6,setTokenSuccess
FN:11,setTokenError
FN:15,login
FN:15,(anonymous_3)
FN:25,(anonymous_4)
FN:30,(anonymous_5)
FN:31,(anonymous_6)
FN:38,setEnv
FN:47,loadSurveys
FN:67,loadFamilies
FN:92,createDraft
FN:97,deleteDraft
FN:102,addSnapshot
FN:108,addSurveyData
FN:115,submitDraft
FN:154,loadSnapshots
FNF:16
FNH:1
FNDA:0,setTokenSuccess
FNDA:0,setTokenError
FNDA:0,login
FNDA:0,(anonymous_3)
FNDA:0,(anonymous_4)
FNDA:0,(anonymous_5)
FNDA:0,(anonymous_6)
FNDA:1,setEnv
FNDA:0,loadSurveys
FNDA:0,loadFamilies
FNDA:0,createDraft
FNDA:0,deleteDraft
FNDA:0,addSnapshot
FNDA:0,addSurveyData
FNDA:0,submitDraft
FNDA:0,loadSnapshots
DA:1,3
DA:3,3
DA:4,3
DA:6,3
DA:11,3
DA:15,3
DA:16,0
DA:26,0
DA:27,0
DA:28,0
DA:30,0
DA:31,0
DA:32,3
DA:36,3
DA:38,3
DA:40,3
DA:45,3
DA:47,3
DA:58,3
DA:65,3
DA:67,3
DA:78,3
DA:85,3
DA:86,3
DA:87,3
DA:88,3
DA:89,3
DA:90,3
DA:92,3
DA:94,3
DA:97,3
DA:99,3
DA:102,3
DA:105,3
DA:108,3
DA:112,3
DA:115,3
DA:144,3
DA:152,3
DA:154,3
DA:165,3
LF:41
LH:35
BRDA:26,0,0,0
BRDA:26,0,1,0
BRF:2
BRH:0
end_of_record
TN:
SF:/Users/dan/Desktop/projects/MentorApp/src/screens/Login.js
FN:16,(anonymous_0)
FN:16,Login
FN:22,(anonymous_2)
FN:24,render
FN:37,onChangeText
FN:45,onChangeText
FN:49,onPress
FN:56,onPress
FN:58,onPress
FN:61,onPress
FN:98,mapStateToProps
FNF:11
FNH:7
FNDA:1,(anonymous_0)
FNDA:7,Login
FNDA:1,(anonymous_2)
FNDA:9,render
FNDA:1,onChangeText
FNDA:1,onChangeText
FNDA:1,onPress
FNDA:0,onPress
FNDA:0,onPress
FNDA:0,onPress
FNDA:0,mapStateToProps
DA:1,1
DA:2,1
DA:3,1
DA:11,1
DA:12,1
DA:13,1
DA:14,1
DA:16,21
DA:19,7
DA:23,1
DA:24,7
DA:26,9
DA:27,9
DA:28,9
DA:37,1
DA:45,1
DA:49,1
DA:56,0
DA:58,0
DA:61,0
DA:75,1
DA:78,1
DA:85,1
DA:98,1
DA:103,1
DA:108,1
DA:111,1
LF:27
LH:24
BRF:0
BRH:0
end_of_record
TN:
SF:/Users/dan/Desktop/projects/MentorApp/src/screens/Surveys.js
FN:9,(anonymous_0)
FN:9,Surveys
FN:9,componentDidMount
FN:12,render
FN:16,(anonymous_4)
FN:20,onPress
FN:23,(anonymous_6)
FN:51,mapStateToProps
FNF:8
FNH:7
FNDA:1,(anonymous_0)
FNDA:4,Surveys
FNDA:4,componentDidMount
FNDA:4,render
FNDA:8,(anonymous_4)
FNDA:1,onPress
FNDA:2,(anonymous_6)
FNDA:0,mapStateToProps
DA:1,1
DA:2,1
DA:3,1
DA:4,1
DA:6,1
DA:7,1
DA:9,4
DA:11,4
DA:13,4
DA:14,4
DA:16,8
DA:20,1
DA:23,2
DA:31,1
DA:34,1
DA:42,1
DA:51,1
DA:57,1
DA:61,1
DA:64,1
LF:20
LH:20
BRF:0
BRH:0
end_of_record
TN:
SF:/Users/dan/Desktop/projects/MentorApp/testing/config.js
FN:7,(anonymous_0)
FNF:1
FNH:1
FNDA:2,(anonymous_0)
DA:1,3
DA:2,3
DA:3,3
DA:5,3
DA:7,3
LF:5
LH:5
BRF:0
BRH:0
end_of_record
